Using pre-set license
Built from '2021.3/staging' branch; Version is '2021.3.9f1 (ad3870b89536) revision 11352176'; Using compiler version '192829333'; Build Type 'Release'
OS: 'Windows 11  (10.0.22621) 64bit Core' Language: 'en' Physical Memory: 16169 MB
BatchMode: 1, IsHumanControllingUs: 0, StartBugReporterOnCrash: 0, Is64bit: 1, IsPro: 1

COMMAND LINE ARGUMENTS:
C:\Users\berry\OneDrive\Documents\Unity\2021.3.9f1\Editor\Unity.exe
-adb2
-batchMode
-noUpm
-name
AssetImportWorker0
-projectPath
C:/Users/berry/OneDrive/Documents/GitHub/Get-Good-/Get Good
-logFile
Logs/AssetImportWorker0.log
-srvPort
56438
Successfully changed project path to: C:/Users/berry/OneDrive/Documents/GitHub/Get-Good-/Get Good
C:/Users/berry/OneDrive/Documents/GitHub/Get-Good-/Get Good
[UnityMemory] Configuration Parameters - Can be set up in boot.config
    "memorysetup-bucket-allocator-granularity=16"
    "memorysetup-bucket-allocator-bucket-count=8"
    "memorysetup-bucket-allocator-block-size=33554432"
    "memorysetup-bucket-allocator-block-count=8"
    "memorysetup-main-allocator-block-size=16777216"
    "memorysetup-thread-allocator-block-size=16777216"
    "memorysetup-gfx-main-allocator-block-size=16777216"
    "memorysetup-gfx-thread-allocator-block-size=16777216"
    "memorysetup-cache-allocator-block-size=4194304"
    "memorysetup-typetree-allocator-block-size=2097152"
    "memorysetup-profiler-bucket-allocator-granularity=16"
    "memorysetup-profiler-bucket-allocator-bucket-count=8"
    "memorysetup-profiler-bucket-allocator-block-size=33554432"
    "memorysetup-profiler-bucket-allocator-block-count=8"
    "memorysetup-profiler-allocator-block-size=16777216"
    "memorysetup-profiler-editor-allocator-block-size=1048576"
    "memorysetup-temp-allocator-size-main=16777216"
    "memorysetup-job-temp-allocator-block-size=2097152"
    "memorysetup-job-temp-allocator-block-size-background=1048576"
    "memorysetup-job-temp-allocator-reduction-small-platforms=262144"
    "memorysetup-temp-allocator-size-background-worker=32768"
    "memorysetup-temp-allocator-size-job-worker=262144"
    "memorysetup-temp-allocator-size-preload-manager=33554432"
    "memorysetup-temp-allocator-size-nav-mesh-worker=65536"
    "memorysetup-temp-allocator-size-audio-worker=65536"
    "memorysetup-temp-allocator-size-cloud-worker=32768"
    "memorysetup-temp-allocator-size-gi-baking-worker=262144"
    "memorysetup-temp-allocator-size-gfx=262144"
Refreshing native plugins compatible for Editor in 177.93 ms, found 4 plugins.
Preloading 0 native plugins for Editor in 0.00 ms.
Initialize engine version: 2021.3.9f1 (ad3870b89536)
[Subsystems] Discovering subsystems at path C:/Users/berry/OneDrive/Documents/Unity/2021.3.9f1/Editor/Data/Resources/UnitySubsystems
[Subsystems] Discovering subsystems at path C:/Users/berry/OneDrive/Documents/GitHub/Get-Good-/Get Good/Assets
GfxDevice: creating device client; threaded=0; jobified=0
Direct3D:
    Version:  Direct3D 11.0 [level 11.1]
    Renderer: Intel(R) UHD Graphics (ID=0x9bc4)
    Vendor:   Intel
    VRAM:     8084 MB
    Driver:   26.20.100.7985
Initialize mono
Mono path[0] = 'C:/Users/berry/OneDrive/Documents/Unity/2021.3.9f1/Editor/Data/Managed'
Mono path[1] = 'C:/Users/berry/OneDrive/Documents/Unity/2021.3.9f1/Editor/Data/MonoBleedingEdge/lib/mono/unityjit-win32'
Mono config path = 'C:/Users/berry/OneDrive/Documents/Unity/2021.3.9f1/Editor/Data/MonoBleedingEdge/etc'
Using monoOptions --debugger-agent=transport=dt_socket,embedding=1,server=y,suspend=n,address=127.0.0.1:56580
Begin MonoManager ReloadAssembly
Registering precompiled unity dll's ...
Register platform support module: C:/Users/berry/OneDrive/Documents/Unity/2021.3.9f1/Editor/Data/PlaybackEngines/WebGLSupport/UnityEditor.WebGL.Extensions.dll
Register platform support module: C:/Users/berry/OneDrive/Documents/Unity/2021.3.9f1/Editor/Data/PlaybackEngines/WindowsStandaloneSupport/UnityEditor.WindowsStandalone.Extensions.dll
Registered in 0.036290 seconds.
Native extension for WindowsStandalone target not found
Native extension for WebGL target not found
Refreshing native plugins compatible for Editor in 154.37 ms, found 4 plugins.
Preloading 0 native plugins for Editor in 0.00 ms.
Mono: successfully reloaded assembly
- Completed reload, in  1.461 seconds
Domain Reload Profiling:
	ReloadAssembly (1462ms)
		BeginReloadAssembly (233ms)
			ExecutionOrderSort (0ms)
			DisableScriptedObjects (0ms)
			BackupInstance (0ms)
			ReleaseScriptingObjects (0ms)
			CreateAndSetChildDomain (3ms)
		EndReloadAssembly (948ms)
			LoadAssemblies (225ms)
			RebuildTransferFunctionScriptingTraits (0ms)
			SetupTypeCache (244ms)
			ReleaseScriptCaches (0ms)
			RebuildScriptCaches (61ms)
			SetupLoadedEditorAssemblies (531ms)
				LogAssemblyErrors (0ms)
				InitializePlatformSupportModulesInManaged (20ms)
				SetLoadedEditorAssemblies (0ms)
				RefreshPlugins (154ms)
				BeforeProcessingInitializeOnLoad (2ms)
				ProcessInitializeOnLoadAttributes (255ms)
				ProcessInitializeOnLoadMethodAttributes (100ms)
				AfterProcessingInitializeOnLoad (0ms)
				EditorAssembliesLoaded (0ms)
			ExecutionOrderSort2 (0ms)
			AwakeInstancesAfterBackupRestoration (0ms)
Platform modules already initialized, skipping
Registering precompiled user dll's ...
Registered in 0.027196 seconds.
Begin MonoManager ReloadAssembly
Symbol file LoadedFromMemory doesn't match image C:\Users\berry\OneDrive\Documents\GitHub\Get-Good-\Get Good\Library\PackageCache\com.unity.visualscripting@1.7.8\Editor\VisualScripting.Core\Dependencies\YamlDotNet\Unity.VisualScripting.YamlDotNet.dll
Symbol file LoadedFromMemory doesn't match image C:\Users\berry\OneDrive\Documents\GitHub\Get-Good-\Get Good\Library\PackageCache\com.unity.visualscripting@1.7.8\Editor\VisualScripting.Core\Dependencies\DotNetZip\Unity.VisualScripting.IonicZip.dll
Native extension for WindowsStandalone target not found
Native extension for WebGL target not found
Refreshing native plugins compatible for Editor in 172.69 ms, found 4 plugins.
Preloading 0 native plugins for Editor in 0.00 ms.
Mono: successfully reloaded assembly
- Completed reload, in  2.686 seconds
Domain Reload Profiling:
	ReloadAssembly (2688ms)
		BeginReloadAssembly (261ms)
			ExecutionOrderSort (0ms)
			DisableScriptedObjects (12ms)
			BackupInstance (0ms)
			ReleaseScriptingObjects (0ms)
			CreateAndSetChildDomain (40ms)
		EndReloadAssembly (2151ms)
			LoadAssemblies (245ms)
			RebuildTransferFunctionScriptingTraits (0ms)
			SetupTypeCache (527ms)
			ReleaseScriptCaches (2ms)
			RebuildScriptCaches (117ms)
			SetupLoadedEditorAssemblies (1168ms)
				LogAssemblyErrors (0ms)
				InitializePlatformSupportModulesInManaged (14ms)
				SetLoadedEditorAssemblies (0ms)
				RefreshPlugins (173ms)
				BeforeProcessingInitializeOnLoad (252ms)
				ProcessInitializeOnLoadAttributes (581ms)
				ProcessInitializeOnLoadMethodAttributes (117ms)
				AfterProcessingInitializeOnLoad (30ms)
				EditorAssembliesLoaded (1ms)
			ExecutionOrderSort2 (0ms)
			AwakeInstancesAfterBackupRestoration (15ms)
Platform modules already initialized, skipping
========================================================================
Worker process is ready to serve import requests
Launched and connected shader compiler UnityShaderCompiler.exe after 0.12 seconds
Refreshing native plugins compatible for Editor in 2.12 ms, found 4 plugins.
Preloading 0 native plugins for Editor in 0.00 ms.
Unloading 4074 Unused Serialized files (Serialized files now loaded: 0)
Unloading 44 unused Assets / (223.5 KB). Loaded Objects now: 4524.
Memory consumption went from 151.5 MB to 151.3 MB.
Total: 9.548400 ms (FindLiveObjects: 0.658200 ms CreateObjectMapping: 1.165500 ms MarkObjects: 7.363600 ms  DeleteObjects: 0.358700 ms)

AssetImportParameters requested are different than current active one (requested -> active):
  custom:video-decoder-ogg-theora: a1e56fd34408186e4bbccfd4996cb3dc -> 
  custom:container-muxer-webm: aa71ff27fc2769a1b78a27578f13a17b -> 
  custom:container-demuxer-webm: 4f35f7cbe854078d1ac9338744f61a02 -> 
  custom:video-encoder-webm-vp8: eb34c28f22e8b96e1ab97ce403110664 -> 
  custom:video-codec-MediaFoundation-h265: 746d11721c4dcdbdad8f713fa42b33f4 -> 
  custom:audio-encoder-webm-vorbis: bf7c407c2cedff20999df2af8eb42d56 -> 
  custom:framework-win-MediaFoundation: 216162199b28c13a410421893ffa2e32 -> 
  custom:container-demuxer-ogg: 62fdf1f143b41e24485cea50d1cbac27 -> 
  custom:video-decoder-webm-vp8: 9c59270c3fd7afecdb556c50c9e8de78 -> 
  custom:audio-decoder-ogg-vorbis: bf7c407c2cedff20999df2af8eb42d56 -> 
========================================================================
Received Import Request.
  Time since last request: 867356.612722 seconds.
  path: Assets/Core/KEYLA/GET GOOD
  artifactKey: Guid(9e036c2d92cfbf74bb3eb6a60179eae5) Importer(815301076,1909f56bfc062723c751e8b465ee728b)
Start importing Assets/Core/KEYLA/GET GOOD using Guid(9e036c2d92cfbf74bb3eb6a60179eae5) Importer(815301076,1909f56bfc062723c751e8b465ee728b)  -> (artifact id: '026f664f643ae421cde27504dca1e9ec') in 0.019867 seconds 
========================================================================
Received Import Request.
  Time since last request: 67.189342 seconds.
  path: Assets/Core/KEYLA/GET GOOD/get-good-animation.mp4
  artifactKey: Guid(ddcc8759465a88948b479c5add2b7354) Importer(815301076,1909f56bfc062723c751e8b465ee728b)
Start importing Assets/Core/KEYLA/GET GOOD/get-good-animation.mp4 using Guid(ddcc8759465a88948b479c5add2b7354) Importer(815301076,1909f56bfc062723c751e8b465ee728b)  -> (artifact id: '94dd0da2eac09804877c42722e7fe037') in 0.069103 seconds 
========================================================================
Received Import Request.
  Time since last request: 0.343082 seconds.
  path: Assets/Core/KEYLA/GET GOOD/GGG (1).png
  artifactKey: Guid(186d6202bd9a3814c8a813c6b4fae2a6) Importer(815301076,1909f56bfc062723c751e8b465ee728b)
Start importing Assets/Core/KEYLA/GET GOOD/GGG (1).png using Guid(186d6202bd9a3814c8a813c6b4fae2a6) Importer(815301076,1909f56bfc062723c751e8b465ee728b)  -> (artifact id: 'c9c7e1a2f1c7a3d0b0754f6cc806bacb') in 0.513997 seconds 
========================================================================
Received Import Request.
  Time since last request: 0.503606 seconds.
  path: Assets/Core/KEYLA/GET GOOD/Comic (1).png
  artifactKey: Guid(baca0348aa2137144a33dee7b75b857c) Importer(815301076,1909f56bfc062723c751e8b465ee728b)
Start importing Assets/Core/KEYLA/GET GOOD/Comic (1).png using Guid(baca0348aa2137144a33dee7b75b857c) Importer(815301076,1909f56bfc062723c751e8b465ee728b)  -> (artifact id: '63534268774c78636ad13df3ee6e645a') in 0.073772 seconds 
========================================================================
Received Import Request.
  Time since last request: 14.001964 seconds.
  path: Assets/Core/KEYLA/GET GOOD/GET GUD.png
  artifactKey: Guid(f400fe299a52c68469a24d6d4c68bfb4) Importer(815301076,1909f56bfc062723c751e8b465ee728b)
Start importing Assets/Core/KEYLA/GET GOOD/GET GUD.png using Guid(f400fe299a52c68469a24d6d4c68bfb4) Importer(815301076,1909f56bfc062723c751e8b465ee728b)  -> (artifact id: '0b8c9424952b70e31bcaf439f69d977f') in 0.108200 seconds 
========================================================================
Received Import Request.
  Time since last request: 336.392909 seconds.
  path: Assets/Core/KEYLA/GET GOOD/Comic (1).png
  artifactKey: Guid(baca0348aa2137144a33dee7b75b857c) Importer(815301076,1909f56bfc062723c751e8b465ee728b)
Start importing Assets/Core/KEYLA/GET GOOD/Comic (1).png using Guid(baca0348aa2137144a33dee7b75b857c) Importer(815301076,1909f56bfc062723c751e8b465ee728b)  -> (artifact id: 'b064b69633db1d7b4c4027f232601df7') in 0.081256 seconds 
========================================================================
Received Import Request.
  Time since last request: 39.736934 seconds.
  path: Assets/Core/KEYLA/GET GOOD/Comic (1).png
  artifactKey: Guid(baca0348aa2137144a33dee7b75b857c) Importer(815301076,1909f56bfc062723c751e8b465ee728b)
Start importing Assets/Core/KEYLA/GET GOOD/Comic (1).png using Guid(baca0348aa2137144a33dee7b75b857c) Importer(815301076,1909f56bfc062723c751e8b465ee728b)  -> (artifact id: '9d9662b1f3f0718803c9305220d33d56') in 0.087974 seconds 
========================================================================
Received Import Request.
  Time since last request: 43.357281 seconds.
  path: Assets/Core/KEYLA/GET GOOD/Comic (1).png
  artifactKey: Guid(baca0348aa2137144a33dee7b75b857c) Importer(815301076,1909f56bfc062723c751e8b465ee728b)
Start importing Assets/Core/KEYLA/GET GOOD/Comic (1).png using Guid(baca0348aa2137144a33dee7b75b857c) Importer(815301076,1909f56bfc062723c751e8b465ee728b)  -> (artifact id: 'aba3e0298dcbba9166b2c0111edf08bb') in 0.076138 seconds 
